2023/02/15 19:08:30 [notice] 1#1: using the "epoll" event method
2023/02/15 19:08:30 [notice] 1#1: nginx/1.23.3
2023/02/15 19:08:30 [notice] 1#1: built by gcc 10.2.1 20210110 (Debian 10.2.1-6) 
2023/02/15 19:08:30 [notice] 1#1: OS: Linux 5.10.76-linuxkit
2023/02/15 19:08:30 [notice] 1#1: getrlimit(RLIMIT_NOFILE): 1048576:1048576
2023/02/15 19:08:30 [notice] 1#1: start worker processes
2023/02/15 19:08:30 [notice] 1#1: start worker process 22
2023/02/15 19:08:30 [notice] 1#1: start worker process 23
2023/02/15 19:08:30 [notice] 1#1: start worker process 24
2023/02/15 19:10:34 [notice] 1#1: signal 3 (SIGQUIT) received, shutting down
2023/02/15 19:10:34 [notice] 23#23: gracefully shutting down
2023/02/15 19:10:34 [notice] 23#23: exiting
2023/02/15 19:10:34 [notice] 24#24: gracefully shutting down
2023/02/15 19:10:34 [notice] 24#24: exiting
2023/02/15 19:10:34 [notice] 22#22: gracefully shutting down
2023/02/15 19:10:34 [notice] 23#23: exit
2023/02/15 19:10:34 [notice] 24#24: exit
2023/02/15 19:10:34 [notice] 22#22: exiting
2023/02/15 19:10:34 [notice] 22#22: exit
2023/02/15 19:10:34 [notice] 1#1: signal 17 (SIGCHLD) received from 23
2023/02/15 19:10:34 [notice] 1#1: worker process 23 exited with code 0
2023/02/15 19:10:34 [notice] 1#1: signal 29 (SIGIO) received
2023/02/15 19:10:34 [notice] 1#1: signal 17 (SIGCHLD) received from 24
2023/02/15 19:10:34 [notice] 1#1: worker process 24 exited with code 0
2023/02/15 19:10:34 [notice] 1#1: signal 29 (SIGIO) received
2023/02/15 19:10:34 [notice] 1#1: signal 17 (SIGCHLD) received from 22
2023/02/15 19:10:34 [notice] 1#1: worker process 22 exited with code 0
2023/02/15 19:10:34 [notice] 1#1: exit
2023/02/15 19:10:38 [notice] 1#1: using the "epoll" event method
2023/02/15 19:10:38 [notice] 1#1: nginx/1.23.3
2023/02/15 19:10:38 [notice] 1#1: built by gcc 10.2.1 20210110 (Debian 10.2.1-6) 
2023/02/15 19:10:38 [notice] 1#1: OS: Linux 5.10.76-linuxkit
2023/02/15 19:10:38 [notice] 1#1: getrlimit(RLIMIT_NOFILE): 1048576:1048576
2023/02/15 19:10:38 [notice] 1#1: start worker processes
2023/02/15 19:10:38 [notice] 1#1: start worker process 20
2023/02/15 19:10:38 [notice] 1#1: start worker process 21
2023/02/15 19:10:38 [notice] 1#1: start worker process 22
2023/02/15 19:11:13 [notice] 1#1: signal 3 (SIGQUIT) received, shutting down
2023/02/15 19:11:13 [notice] 20#20: gracefully shutting down
2023/02/15 19:11:13 [notice] 20#20: exiting
2023/02/15 19:11:13 [notice] 21#21: gracefully shutting down
2023/02/15 19:11:13 [notice] 21#21: exiting
2023/02/15 19:11:13 [notice] 22#22: gracefully shutting down
2023/02/15 19:11:13 [notice] 20#20: exit
2023/02/15 19:11:13 [notice] 21#21: exit
2023/02/15 19:11:13 [notice] 22#22: exiting
2023/02/15 19:11:13 [notice] 22#22: exit
2023/02/15 19:11:13 [notice] 1#1: signal 17 (SIGCHLD) received from 20
2023/02/15 19:11:13 [notice] 1#1: worker process 20 exited with code 0
2023/02/15 19:11:13 [notice] 1#1: signal 29 (SIGIO) received
2023/02/15 19:11:13 [notice] 1#1: signal 17 (SIGCHLD) received from 21
2023/02/15 19:11:13 [notice] 1#1: worker process 21 exited with code 0
2023/02/15 19:11:13 [notice] 1#1: signal 29 (SIGIO) received
2023/02/15 19:11:13 [notice] 1#1: signal 17 (SIGCHLD) received from 22
2023/02/15 19:11:13 [notice] 1#1: worker process 22 exited with code 0
2023/02/15 19:11:13 [notice] 1#1: exit
2023/02/15 19:15:38 [notice] 1#1: using the "epoll" event method
2023/02/15 19:15:38 [notice] 1#1: nginx/1.23.3
2023/02/15 19:15:38 [notice] 1#1: built by gcc 10.2.1 20210110 (Debian 10.2.1-6) 
2023/02/15 19:15:38 [notice] 1#1: OS: Linux 5.10.76-linuxkit
2023/02/15 19:15:38 [notice] 1#1: getrlimit(RLIMIT_NOFILE): 1048576:1048576
2023/02/15 19:15:38 [notice] 1#1: start worker processes
2023/02/15 19:15:38 [notice] 1#1: start worker process 30
2023/02/15 19:15:38 [notice] 1#1: start worker process 31
2023/02/15 19:15:38 [notice] 1#1: start worker process 32
2023/02/15 19:15:46 [error] 30#30: *1 open() "/usr/share/nginx/html/favicon.ico" failed (2: No such file or directory), client: 172.19.0.1, server: localhost, request: "GET /favicon.ico HTTP/1.1", host: "localhost", referrer: "http://localhost/"
2023/02/15 19:19:04 [notice] 1#1: signal 3 (SIGQUIT) received, shutting down
2023/02/15 19:19:04 [notice] 31#31: gracefully shutting down
2023/02/15 19:19:04 [notice] 30#30: gracefully shutting down
2023/02/15 19:19:04 [notice] 32#32: gracefully shutting down
2023/02/15 19:19:04 [notice] 31#31: exiting
2023/02/15 19:19:04 [notice] 30#30: exiting
2023/02/15 19:19:04 [notice] 32#32: exiting
2023/02/15 19:19:04 [notice] 32#32: exit
2023/02/15 19:19:04 [notice] 31#31: exit
2023/02/15 19:19:04 [notice] 30#30: exit
2023/02/15 19:19:04 [notice] 1#1: signal 17 (SIGCHLD) received from 32
2023/02/15 19:19:04 [notice] 1#1: worker process 32 exited with code 0
2023/02/15 19:19:04 [notice] 1#1: signal 29 (SIGIO) received
2023/02/15 19:19:04 [notice] 1#1: signal 17 (SIGCHLD) received from 31
2023/02/15 19:19:04 [notice] 1#1: worker process 30 exited with code 0
2023/02/15 19:19:04 [notice] 1#1: worker process 31 exited with code 0
2023/02/15 19:19:04 [notice] 1#1: exit
2023/02/15 19:19:38 [notice] 1#1: using the "epoll" event method
2023/02/15 19:19:38 [notice] 1#1: nginx/1.23.3
2023/02/15 19:19:38 [notice] 1#1: built by gcc 10.2.1 20210110 (Debian 10.2.1-6) 
2023/02/15 19:19:38 [notice] 1#1: OS: Linux 5.10.76-linuxkit
2023/02/15 19:19:38 [notice] 1#1: getrlimit(RLIMIT_NOFILE): 1048576:1048576
2023/02/15 19:19:38 [notice] 1#1: start worker processes
2023/02/15 19:19:38 [notice] 1#1: start worker process 22
2023/02/15 19:19:38 [notice] 1#1: start worker process 23
2023/02/15 19:19:38 [notice] 1#1: start worker process 24
2023/02/15 19:40:02 [notice] 1#1: signal 3 (SIGQUIT) received, shutting down
2023/02/15 19:40:02 [notice] 24#24: gracefully shutting down
2023/02/15 19:40:02 [notice] 24#24: exiting
2023/02/15 19:40:02 [notice] 23#23: gracefully shutting down
2023/02/15 19:40:02 [notice] 23#23: exiting
2023/02/15 19:40:02 [notice] 22#22: gracefully shutting down
2023/02/15 19:40:02 [notice] 24#24: exit
2023/02/15 19:40:02 [notice] 23#23: exit
2023/02/15 19:40:02 [notice] 1#1: signal 17 (SIGCHLD) received from 24
2023/02/15 19:40:02 [notice] 1#1: worker process 24 exited with code 0
2023/02/15 19:40:02 [notice] 1#1: signal 29 (SIGIO) received
2023/02/15 19:40:02 [notice] 1#1: signal 17 (SIGCHLD) received from 23
2023/02/15 19:40:02 [notice] 1#1: worker process 23 exited with code 0
2023/02/15 19:40:02 [notice] 1#1: signal 29 (SIGIO) received
2023/02/15 19:40:05 [notice] 22#22: exiting
2023/02/15 19:40:05 [notice] 22#22: exit
2023/02/15 19:40:05 [notice] 1#1: signal 17 (SIGCHLD) received from 22
2023/02/15 19:40:05 [notice] 1#1: worker process 22 exited with code 0
2023/02/15 19:40:05 [notice] 1#1: exit
2023/02/15 19:49:00 [notice] 1#1: using the "epoll" event method
2023/02/15 19:49:00 [notice] 1#1: nginx/1.23.3
2023/02/15 19:49:00 [notice] 1#1: built by gcc 10.2.1 20210110 (Debian 10.2.1-6) 
2023/02/15 19:49:00 [notice] 1#1: OS: Linux 5.10.76-linuxkit
2023/02/15 19:49:00 [notice] 1#1: getrlimit(RLIMIT_NOFILE): 1048576:1048576
2023/02/15 19:49:00 [notice] 1#1: start worker processes
2023/02/15 19:49:00 [notice] 1#1: start worker process 29
2023/02/15 19:49:00 [notice] 1#1: start worker process 30
2023/02/15 19:49:00 [notice] 1#1: start worker process 31
2023/02/15 19:49:27 [notice] 1#1: signal 3 (SIGQUIT) received, shutting down
2023/02/15 19:49:27 [notice] 31#31: gracefully shutting down
2023/02/15 19:49:27 [notice] 31#31: exiting
2023/02/15 19:49:27 [notice] 30#30: gracefully shutting down
2023/02/15 19:49:27 [notice] 29#29: gracefully shutting down
2023/02/15 19:49:27 [notice] 31#31: exit
2023/02/15 19:49:27 [notice] 30#30: exiting
2023/02/15 19:49:27 [notice] 30#30: exit
2023/02/15 19:49:27 [notice] 1#1: signal 17 (SIGCHLD) received from 31
2023/02/15 19:49:27 [notice] 1#1: worker process 31 exited with code 0
2023/02/15 19:49:27 [notice] 1#1: worker process 30 exited with code 0
2023/02/15 19:49:27 [notice] 1#1: signal 29 (SIGIO) received
2023/02/15 19:49:27 [notice] 1#1: signal 17 (SIGCHLD) received from 30
2023/02/15 19:49:29 [notice] 29#29: exiting
2023/02/15 19:49:29 [notice] 29#29: exit
2023/02/15 19:49:29 [notice] 1#1: signal 17 (SIGCHLD) received from 29
2023/02/15 19:49:29 [notice] 1#1: worker process 29 exited with code 0
2023/02/15 19:49:29 [notice] 1#1: exit
2023/02/15 19:50:00 [notice] 1#1: using the "epoll" event method
2023/02/15 19:50:00 [notice] 1#1: nginx/1.23.3
2023/02/15 19:50:00 [notice] 1#1: built by gcc 10.2.1 20210110 (Debian 10.2.1-6) 
2023/02/15 19:50:00 [notice] 1#1: OS: Linux 5.10.76-linuxkit
2023/02/15 19:50:00 [notice] 1#1: getrlimit(RLIMIT_NOFILE): 1048576:1048576
2023/02/15 19:50:00 [notice] 1#1: start worker processes
2023/02/15 19:50:00 [notice] 1#1: start worker process 31
2023/02/15 19:50:00 [notice] 1#1: start worker process 32
2023/02/15 19:50:00 [notice] 1#1: start worker process 33
2023/02/15 19:50:36 [notice] 1#1: signal 3 (SIGQUIT) received, shutting down
2023/02/15 19:50:36 [notice] 32#32: gracefully shutting down
2023/02/15 19:50:36 [notice] 31#31: gracefully shutting down
2023/02/15 19:50:36 [notice] 33#33: gracefully shutting down
2023/02/15 19:50:36 [notice] 31#31: exiting
2023/02/15 19:50:36 [notice] 33#33: exiting
2023/02/15 19:50:36 [notice] 31#31: exit
2023/02/15 19:50:36 [notice] 33#33: exit
2023/02/15 19:50:36 [notice] 1#1: signal 17 (SIGCHLD) received from 31
2023/02/15 19:50:36 [notice] 1#1: worker process 31 exited with code 0
2023/02/15 19:50:36 [notice] 1#1: signal 29 (SIGIO) received
2023/02/15 19:50:36 [notice] 1#1: signal 17 (SIGCHLD) received from 33
2023/02/15 19:50:36 [notice] 1#1: worker process 33 exited with code 0
2023/02/15 19:50:36 [notice] 1#1: signal 29 (SIGIO) received
2023/02/15 19:50:44 [notice] 32#32: exiting
2023/02/15 19:50:44 [notice] 32#32: exit
2023/02/15 19:50:45 [notice] 1#1: signal 17 (SIGCHLD) received from 32
2023/02/15 19:50:45 [notice] 1#1: worker process 32 exited with code 0
2023/02/15 19:50:45 [notice] 1#1: exit
